<?xml version="1.0" encoding="utf-8" standalone="no"?>
<test-run id="2" testcasecount="1" result="Passed" total="1" passed="1" failed="0" inconclusive="0" skipped="0" asserts="0" engine-version="3.10.0.0" clr-version="4.0.30319.42000" start-time="2019-08-08 18:28:09Z" end-time="2019-08-08 18:28:20Z" duration="11.099006">
  <command-line><![CDATA["C:\NUnit\bin\net20\nunit3-console.exe"  NUnitTestFramework.dll]]></command-line>
  <test-suite type="Assembly" id="0-1002" name="NUnitTestFramework.dll" fullname="C:\Users\Naehas\source\repos\NUnitTestFramework\NUnitTestFramework\bin\Debug\NUnitTestFramework.dll" runstate="Runnable" testcasecount="1" result="Passed" start-time="2019-08-08 18:28:10Z" end-time="2019-08-08 18:28:20Z" duration="10.126710" total="1" passed="1" failed="0" warnings="0" inconclusive="0" skipped="0" asserts="0">
    <environment framework-version="3.12.0.0" clr-version="4.0.30319.42000" os-version="Microsoft Windows NT 10.0.17134.0" platform="Win32NT" cwd="C:\Users\Naehas\source\repos\NUnitTestFramework\NUnitTestFramework\bin\Debug" machine-name="DESKTOP-U5823AG" user="Naehas" user-domain="DESKTOP-U5823AG" culture="en-IN" uiculture="en-US" os-architecture="x64" />
    <settings>
      <setting name="DisposeRunners" value="True" />
      <setting name="WorkDirectory" value="C:\Users\Naehas\source\repos\NUnitTestFramework\NUnitTestFramework\bin\Debug" />
      <setting name="ImageRuntimeVersion" value="4.0.30319" />
      <setting name="ImageTargetFrameworkName" value=".NETFramework,Version=v4.7.2" />
      <setting name="ImageRequiresX86" value="False" />
      <setting name="ImageRequiresDefaultAppDomainAssemblyResolver" value="False" />
      <setting name="NumberOfTestWorkers" value="8" />
    </settings>
    <properties>
      <property name="_PID" value="1584" />
      <property name="_APPDOMAIN" value="domain-" />
    </properties>
    <test-suite type="TestSuite" id="0-1003" name="NUnitTestFramework" fullname="NUnitTestFramework" runstate="Runnable" testcasecount="1" result="Passed" start-time="2019-08-08 18:28:10Z" end-time="2019-08-08 18:28:20Z" duration="10.098758" total="1" passed="1" failed="0" warnings="0" inconclusive="0" skipped="0" asserts="0">
      <test-suite type="TestSuite" id="0-1004" name="TestCases" fullname="NUnitTestFramework.TestCases" runstate="Runnable" testcasecount="1" result="Passed" start-time="2019-08-08 18:28:10Z" end-time="2019-08-08 18:28:20Z" duration="10.098005" total="1" passed="1" failed="0" warnings="0" inconclusive="0" skipped="0" asserts="0">
        <test-suite type="TestFixture" id="0-1000" name="Test2" fullname="NUnitTestFramework.TestCases.Test2" classname="NUnitTestFramework.TestCases.Test2" runstate="Runnable" testcasecount="1" result="Passed" start-time="2019-08-08 18:28:10Z" end-time="2019-08-08 18:28:20Z" duration="10.091529" total="1" passed="1" failed="0" warnings="0" inconclusive="0" skipped="0" asserts="0">
          <test-case id="0-1001" name="test4" fullname="NUnitTestFramework.TestCases.Test2.test4" methodname="test4" classname="NUnitTestFramework.TestCases.Test2" runstate="Runnable" seed="1304874902" result="Passed" start-time="2019-08-08 18:28:10Z" end-time="2019-08-08 18:28:20Z" duration="10.072133" asserts="0" />
        </test-suite>
      </test-suite>
    </test-suite>
  </test-suite>
</test-run>